# JRE version: Java(TM) SE Runtime Environment (7.0_75-b13) (build 1.7.0_75-b13)
# Java VM: Java HotSpot(TM) 64-Bit Server VM (24.75-b04 mixed mode windows-amd64 compressed oops)
Heap
 PSYoungGen      total 632832K, used 202257K [0x00000007d5500000, 0x0000000800000000, 0x0000000800000000)
  eden space 566272K, 35% used [0x00000007d5500000,0x00000007e1a84758,0x00000007f7e00000)
  from space 66560K, 0% used [0x00000007f7e00000,0x00000007f7e00000,0x00000007fbf00000)
  to   space 62976K, 0% used [0x00000007fc280000,0x00000007fc280000,0x0000000800000000)
 ParOldGen       total 327168K, used 242519K [0x0000000780000000, 0x0000000793f80000, 0x00000007d5500000)
  object space 327168K, 74% used [0x0000000780000000,0x000000078ecd5d30,0x0000000793f80000)
 PSPermGen       total 286720K, used 269864K [0x0000000760000000, 0x0000000771800000, 0x0000000780000000)
  object space 286720K, 94% used [0x0000000760000000,0x000000077078a340,0x0000000771800000)
GC Heap History (10 events):
Event: 3951.437 GC heap before
{Heap before GC invocations=42 (full 19):
 PSYoungGen      total 632832K, used 575488K [0x00000007d5500000, 0x00000007ffb00000, 0x0000000800000000)
  eden space 575488K, 100% used [0x00000007d5500000,0x00000007f8700000,0x00000007f8700000)
  from space 57344K, 0% used [0x00000007fc300000,0x00000007fc300000,0x00000007ffb00000)
  to   space 59392K, 0% used [0x00000007f8700000,0x00000007f8700000,0x00000007fc100000)
 ParOldGen       total 327168K, used 250295K [0x0000000780000000, 0x0000000793f80000, 0x00000007d5500000)
  object space 327168K, 76% used [0x0000000780000000,0x000000078f46df90,0x0000000793f80000)
 PSPermGen       total 261120K, used 255015K [0x0000000760000000, 0x000000076ff00000, 0x0000000780000000)
  object space 261120K, 97% used [0x0000000760000000,0x000000076f909db0,0x000000076ff00000)
Event: 3951.510 GC heap after
Heap after GC invocations=42 (full 19):
 PSYoungGen      total 629248K, used 53271K [0x00000007d5500000, 0x0000000800000000, 0x0000000800000000)
  eden space 575488K, 0% used [0x00000007d5500000,0x00000007d5500000,0x00000007f8700000)
  from space 53760K, 99% used [0x00000007f8700000,0x00000007fbb05d38,0x00000007fbb80000)
  to   space 66048K, 0% used [0x00000007fbf80000,0x00000007fbf80000,0x0000000800000000)
 ParOldGen       total 327168K, used 250295K [0x0000000780000000, 0x0000000793f80000, 0x00000007d5500000)
  object space 327168K, 76% used [0x0000000780000000,0x000000078f46df90,0x0000000793f80000)
 PSPermGen       total 261120K, used 255015K [0x0000000760000000, 0x000000076ff00000, 0x0000000780000000)
  object space 261120K, 97% used [0x0000000760000000,0x000000076f909db0,0x000000076ff00000)
}
Event: 3965.126 GC heap before
{Heap before GC invocations=43 (full 19):
 PSYoungGen      total 629248K, used 174258K [0x00000007d5500000, 0x0000000800000000, 0x0000000800000000)
  eden space 575488K, 21% used [0x00000007d5500000,0x00000007dcb26c68,0x00000007f8700000)
  from space 53760K, 99% used [0x00000007f8700000,0x00000007fbb05d38,0x00000007fbb80000)
  to   space 66048K, 0% used [0x00000007fbf80000,0x00000007fbf80000,0x0000000800000000)
 ParOldGen       total 327168K, used 250295K [0x0000000780000000, 0x0000000793f80000, 0x00000007d5500000)
  object space 327168K, 76% used [0x0000000780000000,0x000000078f46df90,0x0000000793f80000)
 PSPermGen       total 261120K, used 256022K [0x0000000760000000, 0x000000076ff00000, 0x0000000780000000)
  object space 261120K, 98% used [0x0000000760000000,0x000000076fa05a50,0x000000076ff00000)
Event: 3965.178 GC heap after
Heap after GC invocations=43 (full 19):
 PSYoungGen      total 632320K, used 4427K [0x00000007d5500000, 0x0000000800000000, 0x0000000800000000)
  eden space 566272K, 0% used [0x00000007d5500000,0x00000007d5500000,0x00000007f7e00000)
  from space 66048K, 6% used [0x00000007fbf80000,0x00000007fc3d2e28,0x0000000800000000)
  to   space 66560K, 0% used [0x00000007f7e00000,0x00000007f7e00000,0x00000007fbf00000)
 ParOldGen       total 327168K, used 281835K [0x0000000780000000, 0x0000000793f80000, 0x00000007d5500000)
  object space 327168K, 86% used [0x0000000780000000,0x000000079133ae10,0x0000000793f80000)
 PSPermGen       total 261120K, used 256022K [0x0000000760000000, 0x000000076ff00000, 0x0000000780000000)
  object space 261120K, 98% used [0x0000000760000000,0x000000076fa05a50,0x000000076ff00000)
}
Event: 3965.178 GC heap before
{Heap before GC invocations=44 (full 20):
 PSYoungGen      total 632320K, used 4427K [0x00000007d5500000, 0x0000000800000000, 0x0000000800000000)
  eden space 566272K, 0% used [0x00000007d5500000,0x00000007d5500000,0x00000007f7e00000)
  from space 66048K, 6% used [0x00000007fbf80000,0x00000007fc3d2e28,0x0000000800000000)
  to   space 66560K, 0% used [0x00000007f7e00000,0x00000007f7e00000,0x00000007fbf00000)
 ParOldGen       total 327168K, used 281835K [0x0000000780000000, 0x0000000793f80000, 0x00000007d5500000)
  object space 327168K, 86% used [0x0000000780000000,0x000000079133ae10,0x0000000793f80000)
 PSPermGen       total 261120K, used 256022K [0x0000000760000000, 0x000000076ff00000, 0x0000000780000000)
  object space 261120K, 98% used [0x0000000760000000,0x000000076fa05a50,0x000000076ff00000)
Event: 3966.377 GC heap after
Heap after GC invocations=44 (full 20):
 PSYoungGen      total 632320K, used 0K [0x00000007d5500000, 0x0000000800000000, 0x0000000800000000)
  eden space 566272K, 0% used [0x00000007d5500000,0x00000007d5500000,0x00000007f7e00000)
  from space 66048K, 0% used [0x00000007fbf80000,0x00000007fbf80000,0x0000000800000000)
  to   space 66560K, 0% used [0x00000007f7e00000,0x00000007f7e00000,0x00000007fbf00000)
 ParOldGen       total 327168K, used 260927K [0x0000000780000000, 0x0000000793f80000, 0x00000007d5500000)
  object space 327168K, 79% used [0x0000000780000000,0x000000078fecff80,0x0000000793f80000)
 PSPermGen       total 283136K, used 255536K [0x0000000760000000, 0x0000000771480000, 0x0000000780000000)
  object space 283136K, 90% used [0x0000000760000000,0x000000076f98c020,0x0000000771480000)
}
Event: 4157.797 GC heap before
{Heap before GC invocations=45 (full 20):
 PSYoungGen      total 632320K, used 383659K [0x00000007d5500000, 0x0000000800000000, 0x0000000800000000)
  eden space 566272K, 67% used [0x00000007d5500000,0x00000007ecbaacc8,0x00000007f7e00000)
  from space 66048K, 0% used [0x00000007fbf80000,0x00000007fbf80000,0x0000000800000000)
  to   space 66560K, 0% used [0x00000007f7e00000,0x00000007f7e00000,0x00000007fbf00000)
 ParOldGen       total 327168K, used 260927K [0x0000000780000000, 0x0000000793f80000, 0x00000007d5500000)
  object space 327168K, 79% used [0x0000000780000000,0x000000078fecff80,0x0000000793f80000)
 PSPermGen       total 283136K, used 265576K [0x0000000760000000, 0x0000000771480000, 0x0000000780000000)
  object space 283136K, 93% used [0x0000000760000000,0x000000077035a260,0x0000000771480000)
Event: 4157.832 GC heap after
Heap after GC invocations=45 (full 20):
 PSYoungGen      total 632832K, used 27201K [0x00000007d5500000, 0x0000000800000000, 0x0000000800000000)
  eden space 566272K, 0% used [0x00000007d5500000,0x00000007d5500000,0x00000007f7e00000)
  from space 66560K, 40% used [0x00000007f7e00000,0x00000007f9890598,0x00000007fbf00000)
  to   space 62976K, 0% used [0x00000007fc280000,0x00000007fc280000,0x0000000800000000)
 ParOldGen       total 327168K, used 260927K [0x0000000780000000, 0x0000000793f80000, 0x00000007d5500000)
  object space 327168K, 79% used [0x0000000780000000,0x000000078fecff80,0x0000000793f80000)
 PSPermGen       total 283136K, used 265576K [0x0000000760000000, 0x0000000771480000, 0x0000000780000000)
  object space 283136K, 93% used [0x0000000760000000,0x000000077035a260,0x0000000771480000)
}
Event: 4157.832 GC heap before
{Heap before GC invocations=46 (full 21):
 PSYoungGen      total 632832K, used 27201K [0x00000007d5500000, 0x0000000800000000, 0x0000000800000000)
  eden space 566272K, 0% used [0x00000007d5500000,0x00000007d5500000,0x00000007f7e00000)
  from space 66560K, 40% used [0x00000007f7e00000,0x00000007f9890598,0x00000007fbf00000)
  to   space 62976K, 0% used [0x00000007fc280000,0x00000007fc280000,0x0000000800000000)
 ParOldGen       total 327168K, used 260927K [0x0000000780000000, 0x0000000793f80000, 0x00000007d5500000)
  object space 327168K, 79% used [0x0000000780000000,0x000000078fecff80,0x0000000793f80000)
 PSPermGen       total 283136K, used 265576K [0x0000000760000000, 0x0000000771480000, 0x0000000780000000)
  object space 283136K, 93% used [0x0000000760000000,0x000000077035a260,0x0000000771480000)
Event: 4159.326 GC heap after
Heap after GC invocations=46 (full 21):
 PSYoungGen      total 632832K, used 0K [0x00000007d5500000, 0x0000000800000000, 0x0000000800000000)
  eden space 566272K, 0% used [0x00000007d5500000,0x00000007d5500000,0x00000007f7e00000)
  from space 66560K, 0% used [0x00000007f7e00000,0x00000007f7e00000,0x00000007fbf00000)
  to   space 62976K, 0% used [0x00000007fc280000,0x00000007fc280000,0x0000000800000000)
 ParOldGen       total 327168K, used 242519K [0x0000000780000000, 0x0000000793f80000, 0x00000007d5500000)
  object space 327168K, 74% used [0x0000000780000000,0x000000078ecd5d30,0x0000000793f80000)
 PSPermGen       total 286720K, used 261471K [0x0000000760000000, 0x0000000771800000, 0x0000000780000000)
  object space 286720K, 91% used [0x0000000760000000,0x000000076ff57c58,0x0000000771800000)
}

